# JRE version: OpenJDK Runtime Environment Temurin-21.0.1+12 (21.0.1+12) (build 21.0.1+12-LTS)
# Java VM: OpenJDK 64-Bit Server VM Temurin-21.0.1+12 (21.0.1+12-LTS, mixed mode, sharing, tiered, compressed oops, compressed class ptrs, g1 gc, windows-amd64)
GC Precious Log:
 CardTable entry size: 512
 Card Set container configuration: InlinePtr #cards 4 size 8 Array Of Cards #cards 32 size 80 Howl #buckets 8 coarsen threshold 7372 Howl Bitmap #cards 1024 size 144 coarsen threshold 921 Card regions per heap region 1 cards per card region 8192
 CPUs: 20 total, 20 available
 Memory: 32387M
 Large Page Support: Disabled
 NUMA Support: Disabled
 Compressed Oops: Enabled (Zero based)
 Heap Region Size: 4M
 Heap Min Capacity: 812M
 Heap Initial Capacity: 812M
 Heap Max Capacity: 6G
 Pre-touch: Disabled
 Parallel Workers: 4
 Concurrent Workers: 1
 Concurrent Refinement Workers: 4
 Periodic GC: Disabled
 String Deduplication is enabled
Heap:
 garbage-first heap   total 831488K, used 162792K [0x0000000680000000, 0x0000000800000000)
  region size 4096K, 9 young (36864K), 1 survivors (4096K)
 Metaspace       used 116533K, committed 117376K, reserved 1179648K
  class space    used 16961K, committed 17344K, reserved 1048576K
GC Heap History (20 events):
Event: 2377.471 GC heap before
{Heap before GC invocations=1330 (full 1046):
 garbage-first heap   total 831488K, used 141527K [0x0000000680000000, 0x0000000800000000)
  region size 4096K, 1 young (4096K), 0 survivors (0K)
 Metaspace       used 116496K, committed 117312K, reserved 1179648K
  class space    used 16956K, committed 17344K, reserved 1048576K
}
Event: 2377.513 GC heap after
{Heap after GC invocations=1331 (full 1047):
 garbage-first heap   total 831488K, used 129241K [0x0000000680000000, 0x0000000800000000)
  region size 4096K, 0 young (0K), 0 survivors (0K)
 Metaspace       used 116496K, committed 117312K, reserved 1179648K
  class space    used 16956K, committed 17344K, reserved 1048576K
}
Event: 2377.554 GC heap before
{Heap before GC invocations=1331 (full 1047):
 garbage-first heap   total 831488K, used 141529K [0x0000000680000000, 0x0000000800000000)
  region size 4096K, 1 young (4096K), 0 survivors (0K)
 Metaspace       used 116496K, committed 117312K, reserved 1179648K
  class space    used 16956K, committed 17344K, reserved 1048576K
}
Event: 2377.596 GC heap after
{Heap after GC invocations=1332 (full 1048):
 garbage-first heap   total 831488K, used 129240K [0x0000000680000000, 0x0000000800000000)
  region size 4096K, 0 young (0K), 0 survivors (0K)
 Metaspace       used 116496K, committed 117312K, reserved 1179648K
  class space    used 16956K, committed 17344K, reserved 1048576K
}
Event: 2378.121 GC heap before
{Heap before GC invocations=1332 (full 1048):
 garbage-first heap   total 831488K, used 141528K [0x0000000680000000, 0x0000000800000000)
  region size 4096K, 1 young (4096K), 0 survivors (0K)
 Metaspace       used 116496K, committed 117312K, reserved 1179648K
  class space    used 16956K, committed 17344K, reserved 1048576K
}
Event: 2378.168 GC heap after
{Heap after GC invocations=1333 (full 1049):
 garbage-first heap   total 831488K, used 129242K [0x0000000680000000, 0x0000000800000000)
  region size 4096K, 0 young (0K), 0 survivors (0K)
 Metaspace       used 116496K, committed 117312K, reserved 1179648K
  class space    used 16956K, committed 17344K, reserved 1048576K
}
Event: 2378.209 GC heap before
{Heap before GC invocations=1333 (full 1049):
 garbage-first heap   total 831488K, used 137434K [0x0000000680000000, 0x0000000800000000)
  region size 4096K, 1 young (4096K), 0 survivors (0K)
 Metaspace       used 116496K, committed 117312K, reserved 1179648K
  class space    used 16956K, committed 17344K, reserved 1048576K
}
Event: 2378.253 GC heap after
{Heap after GC invocations=1334 (full 1050):
 garbage-first heap   total 831488K, used 129240K [0x0000000680000000, 0x0000000800000000)
  region size 4096K, 0 young (0K), 0 survivors (0K)
 Metaspace       used 116496K, committed 117312K, reserved 1179648K
  class space    used 16956K, committed 17344K, reserved 1048576K
}
Event: 2378.293 GC heap before
{Heap before GC invocations=1334 (full 1050):
 garbage-first heap   total 831488K, used 141528K [0x0000000680000000, 0x0000000800000000)
  region size 4096K, 1 young (4096K), 0 survivors (0K)
 Metaspace       used 116496K, committed 117312K, reserved 1179648K
  class space    used 16956K, committed 17344K, reserved 1048576K
}
Event: 2378.334 GC heap after
{Heap after GC invocations=1335 (full 1051):
 garbage-first heap   total 831488K, used 129242K [0x0000000680000000, 0x0000000800000000)
  region size 4096K, 0 young (0K), 0 survivors (0K)
 Metaspace       used 116496K, committed 117312K, reserved 1179648K
  class space    used 16956K, committed 17344K, reserved 1048576K
}
Event: 2378.405 GC heap before
{Heap before GC invocations=1335 (full 1051):
 garbage-first heap   total 831488K, used 141530K [0x0000000680000000, 0x0000000800000000)
  region size 4096K, 1 young (4096K), 0 survivors (0K)
 Metaspace       used 116496K, committed 117312K, reserved 1179648K
  class space    used 16956K, committed 17344K, reserved 1048576K
}
Event: 2378.448 GC heap after
{Heap after GC invocations=1336 (full 1052):
 garbage-first heap   total 831488K, used 129240K [0x0000000680000000, 0x0000000800000000)
  region size 4096K, 0 young (0K), 0 survivors (0K)
 Metaspace       used 116496K, committed 117312K, reserved 1179648K
  class space    used 16956K, committed 17344K, reserved 1048576K
}
Event: 2378.492 GC heap before
{Heap before GC invocations=1336 (full 1052):
 garbage-first heap   total 831488K, used 141528K [0x0000000680000000, 0x0000000800000000)
  region size 4096K, 1 young (4096K), 0 survivors (0K)
 Metaspace       used 116496K, committed 117312K, reserved 1179648K
  class space    used 16956K, committed 17344K, reserved 1048576K
}
Event: 2378.535 GC heap after
{Heap after GC invocations=1337 (full 1053):
 garbage-first heap   total 831488K, used 129241K [0x0000000680000000, 0x0000000800000000)
  region size 4096K, 0 young (0K), 0 survivors (0K)
 Metaspace       used 116496K, committed 117312K, reserved 1179648K
  class space    used 16956K, committed 17344K, reserved 1048576K
}
Event: 2378.574 GC heap before
{Heap before GC invocations=1337 (full 1053):
 garbage-first heap   total 831488K, used 137433K [0x0000000680000000, 0x0000000800000000)
  region size 4096K, 1 young (4096K), 0 survivors (0K)
 Metaspace       used 116496K, committed 117312K, reserved 1179648K
  class space    used 16956K, committed 17344K, reserved 1048576K
}
Event: 2378.618 GC heap after
{Heap after GC invocations=1338 (full 1054):
 garbage-first heap   total 831488K, used 129241K [0x0000000680000000, 0x0000000800000000)
  region size 4096K, 0 young (0K), 0 survivors (0K)
 Metaspace       used 116496K, committed 117312K, reserved 1179648K
  class space    used 16956K, committed 17344K, reserved 1048576K
}
Event: 2378.658 GC heap before
{Heap before GC invocations=1338 (full 1054):
 garbage-first heap   total 831488K, used 141529K [0x0000000680000000, 0x0000000800000000)
  region size 4096K, 1 young (4096K), 0 survivors (0K)
 Metaspace       used 116496K, committed 117312K, reserved 1179648K
  class space    used 16956K, committed 17344K, reserved 1048576K
}
Event: 2378.700 GC heap after
{Heap after GC invocations=1339 (full 1055):
 garbage-first heap   total 831488K, used 129241K [0x0000000680000000, 0x0000000800000000)
  region size 4096K, 0 young (0K), 0 survivors (0K)
 Metaspace       used 116496K, committed 117312K, reserved 1179648K
  class space    used 16956K, committed 17344K, reserved 1048576K
}
Event: 2385.161 GC heap before
{Heap before GC invocations=1339 (full 1055):
 garbage-first heap   total 831488K, used 215257K [0x0000000680000000, 0x0000000800000000)
  region size 4096K, 20 young (81920K), 0 survivors (0K)
 Metaspace       used 116514K, committed 117312K, reserved 1179648K
  class space    used 16956K, committed 17344K, reserved 1048576K
}
Event: 2385.163 GC heap after
{Heap after GC invocations=1340 (full 1055):
 garbage-first heap   total 831488K, used 134120K [0x0000000680000000, 0x0000000800000000)
  region size 4096K, 1 young (4096K), 1 survivors (4096K)
 Metaspace       used 116514K, committed 117312K, reserved 1179648K
  class space    used 16956K, committed 17344K, reserved 1048576K
}

